[01m[K/home/parallels/ros2_ws/src/my_cpp_pkg/src/hardwarestatus_sub.cpp:[m[K In constructor â€˜[01m[Khardwarestatus_sub::hardwarestatus_sub()[m[Kâ€™:
[01m[K/home/parallels/ros2_ws/src/my_cpp_pkg/src/hardwarestatus_sub.cpp:11:133:[m[K [01;31m[Kerror: [m[Kâ€˜[01m[K_1[m[Kâ€™ was not declared in this scope; did you mean â€˜[01m[Kstd::placeholders::_1[m[Kâ€™?
   11 | this->create_subscription<HardwareStatus>("hardware_status",10,std::bind(&hardwarestatus_sub::sub_hardwarestatus,this,[01;31m[K_1[m[K));
      |                                                                                                                       [01;31m[K^~[m[K
      |                                                                                                                       [32m[Kstd::placeholders::_1[m[K
In file included from [01m[K/usr/include/c++/11/pstl/glue_algorithm_defs.h:13[m[K,
                 from [01m[K/usr/include/c++/11/algorithm:74[m[K,
                 from [01m[K/opt/ros/humble/include/rclcpp/rclcpp/executor.hpp:18[m[K,
                 from [01m[K/opt/ros/humble/include/rclcpp/rclcpp/executors/multi_threaded_executor.hpp:25[m[K,
                 from [01m[K/opt/ros/humble/include/rclcpp/rclcpp/executors.hpp:21[m[K,
                 from [01m[K/opt/ros/humble/include/rclcpp/rclcpp/rclcpp.hpp:155[m[K,
                 from [01m[K/home/parallels/ros2_ws/src/my_cpp_pkg/src/hardwarestatus_sub.cpp:1[m[K:
[01m[K/usr/include/c++/11/functional:225:34:[m[K [01;36m[Knote: [m[Kâ€˜[01m[Kstd::placeholders::_1[m[Kâ€™ declared here
  225 |     extern const _Placeholder<1> [01;36m[K_1[m[K;
      |                                  [01;36m[K^~[m[K
gmake[2]: *** [CMakeFiles/hardwarestatus_sub.dir/build.make:76: CMakeFiles/hardwarestatus_sub.dir/src/hardwarestatus_sub.cpp.o] Error 1
gmake[1]: *** [CMakeFiles/Makefile2:249: CMakeFiles/hardwarestatus_sub.dir/all] Error 2
gmake: *** [Makefile:146: all] Error 2
