[0.000000] (-) TimerEvent: {}
[0.000418] (-) JobUnselected: {'identifier': 'ackermann_steering_controller'}
[0.000443] (-) JobUnselected: {'identifier': 'admittance_controller'}
[0.000454] (-) JobUnselected: {'identifier': 'bicycle_steering_controller'}
[0.000462] (-) JobUnselected: {'identifier': 'controller_interface'}
[0.000472] (-) JobUnselected: {'identifier': 'controller_manager'}
[0.000480] (-) JobUnselected: {'identifier': 'controller_manager_msgs'}
[0.000492] (-) JobUnselected: {'identifier': 'diff_drive_controller'}
[0.000501] (-) JobUnselected: {'identifier': 'effort_controllers'}
[0.000514] (-) JobUnselected: {'identifier': 'force_torque_sensor_broadcaster'}
[0.000523] (-) JobUnselected: {'identifier': 'forward_command_controller'}
[0.000536] (-) JobUnselected: {'identifier': 'gripper_controllers'}
[0.000545] (-) JobUnselected: {'identifier': 'gz_ros2_control_tests'}
[0.000558] (-) JobUnselected: {'identifier': 'hardware_interface'}
[0.000567] (-) JobUnselected: {'identifier': 'hardware_interface_testing'}
[0.000578] (-) JobUnselected: {'identifier': 'ign_ros2_control'}
[0.000585] (-) JobUnselected: {'identifier': 'ign_ros2_control_demos'}
[0.000597] (-) JobUnselected: {'identifier': 'imu_sensor_broadcaster'}
[0.000606] (-) JobUnselected: {'identifier': 'joint_limits'}
[0.000619] (-) JobUnselected: {'identifier': 'joint_state_broadcaster'}
[0.000628] (-) JobUnselected: {'identifier': 'joint_trajectory_controller'}
[0.000640] (-) JobUnselected: {'identifier': 'my_py_pkg'}
[0.000649] (-) JobUnselected: {'identifier': 'polygon_base'}
[0.000661] (-) JobUnselected: {'identifier': 'polygon_plugins'}
[0.000672] (-) JobUnselected: {'identifier': 'position_controllers'}
[0.000679] (-) JobUnselected: {'identifier': 'range_sensor_broadcaster'}
[0.000691] (-) JobUnselected: {'identifier': 'ros2_control'}
[0.000700] (-) JobUnselected: {'identifier': 'ros2_control_test_assets'}
[0.000713] (-) JobUnselected: {'identifier': 'ros2_controllers'}
[0.000722] (-) JobUnselected: {'identifier': 'ros2_controllers_test_nodes'}
[0.000732] (-) JobUnselected: {'identifier': 'ros2controlcli'}
[0.000739] (-) JobUnselected: {'identifier': 'rqt_controller_manager'}
[0.000751] (-) JobUnselected: {'identifier': 'rqt_joint_trajectory_controller'}
[0.000760] (-) JobUnselected: {'identifier': 'steering_controllers_library'}
[0.000773] (-) JobUnselected: {'identifier': 'transmission_interface'}
[0.000781] (-) JobUnselected: {'identifier': 'tricycle_controller'}
[0.000793] (-) JobUnselected: {'identifier': 'tricycle_steering_controller'}
[0.000802] (-) JobUnselected: {'identifier': 'velocity_controllers'}
[0.000816] (my_cpp_pkg) JobQueued: {'identifier': 'my_cpp_pkg', 'dependencies': OrderedDict()}
[0.000862] (my_cpp_pkg) JobStarted: {'identifier': 'my_cpp_pkg'}
[0.005591] (my_cpp_pkg) JobProgress: {'identifier': 'my_cpp_pkg', 'progress': 'cmake'}
[0.005926] (my_cpp_pkg) JobProgress: {'identifier': 'my_cpp_pkg', 'progress': 'build'}
[0.006373] (my_cpp_pkg) Command: {'cmd': ['/usr/bin/cmake', '--build', '/home/parallels/ros2_ws/build/my_cpp_pkg', '--', '-j4', '-l4'], 'cwd': '/home/parallels/ros2_ws/build/my_cpp_pkg', 'env': OrderedDict([('GJS_DEBUG_TOPICS', 'JS ERROR;JS LOG'), ('LESSOPEN', '| /usr/bin/lesspipe %s'), ('USER', 'parallels'), ('XDG_SESSION_TYPE', 'wayland'), ('SHLVL', '1'), ('LD_LIBRARY_PATH', '/home/parallels/ros2_ws/install/velocity_controllers/lib:/home/parallels/ros2_ws/install/tricycle_steering_controller/lib:/home/parallels/ros2_ws/install/tricycle_controller/lib:/home/parallels/ros2_ws/install/transmission_interface/lib:/home/parallels/ros2_ws/install/bicycle_steering_controller/lib:/home/parallels/ros2_ws/install/ackermann_steering_controller/lib:/home/parallels/ros2_ws/install/steering_controllers_library/lib:/home/parallels/ros2_ws/install/ign_ros2_control/lib:/home/parallels/ros2_ws/install/hardware_interface_testing/lib:/home/parallels/ros2_ws/install/controller_manager/lib:/home/parallels/ros2_ws/install/range_sensor_broadcaster/lib:/home/parallels/ros2_ws/install/position_controllers/lib:/home/parallels/ros2_ws/install/polygon_plugins/lib:/home/parallels/ros2_ws/install/admittance_controller/lib:/home/parallels/ros2_ws/install/joint_trajectory_controller/lib:/home/parallels/ros2_ws/install/joint_state_broadcaster/lib:/home/parallels/ros2_ws/install/imu_sensor_broadcaster/lib:/home/parallels/ros2_ws/install/gripper_controllers/lib:/home/parallels/ros2_ws/install/effort_controllers/lib:/home/parallels/ros2_ws/install/forward_command_controller/lib:/home/parallels/ros2_ws/install/force_torque_sensor_broadcaster/lib:/home/parallels/ros2_ws/install/diff_drive_controller/lib:/home/parallels/ros2_ws/install/controller_interface/lib:/home/parallels/ros2_ws/install/hardware_interface/lib:/home/parallels/ros2_ws/install/controller_manager_msgs/lib:/opt/ros/humble/opt/rviz_ogre_vendor/lib:/opt/ros/humble/lib/aarch64-linux-gnu:/opt/ros/humble/lib'), ('HOME', '/home/parallels'), ('OLDPWD', '/home/parallels/ros2_ws/src'), ('DESKTOP_SESSION', 'ubuntu'), ('GIO_LAUNCHED_DESKTOP_FILE', '/usr/share/applications/terminator.desktop'), ('ROS_PYTHON_VERSION', '3'), ('GNOME_SHELL_SESSION_MODE', 'ubuntu'), ('GTK_MODULES', 'gail:atk-bridge'), ('MANAGERPID', '219520'), ('SYSTEMD_EXEC_PID', '219630'), ('DBUS_SESSION_BUS_ADDRESS', 'unix:path=/run/user/1000/bus'), ('COLORTERM', 'truecolor'), ('TERMINATOR_DBUS_NAME', 'net.tenshu.Terminator25ef4b219e3b005583550f2b0f9f990c3'), ('GIO_LAUNCHED_DESKTOP_FILE_PID', '288352'), ('IM_CONFIG_PHASE', '1'), ('WAYLAND_DISPLAY', 'wayland-0'), ('COLCON_PREFIX_PATH', '/home/parallels/ros2_ws/install'), ('ROS_DISTRO', 'humble'), ('LOGNAME', 'parallels'), ('JOURNAL_STREAM', '8:746935'), ('_', '/usr/bin/colcon'), ('ROS_VERSION', '2'), ('XDG_SESSION_CLASS', 'user'), ('USERNAME', 'parallels'), ('TERM', 'xterm-256color'), ('GNOME_DESKTOP_SESSION_ID', 'this-is-deprecated'), ('ROS_LOCALHOST_ONLY', '0'), ('PATH', '/opt/ros/humble/bin:/usr/local/sbin:/usr/local/bin:/usr/sbin:/usr/bin:/sbin:/bin:/usr/games:/usr/local/games:/snap/bin:/snap/bin'), ('SESSION_MANAGER', 'local/ubuntu-linux-22-04-02-desktop:@/tmp/.ICE-unix/219605,unix/ubuntu-linux-22-04-02-desktop:/tmp/.ICE-unix/219605'), ('INVOCATION_ID', '38487f436e4e4455b763be052e42cce8'), ('XDG_MENU_PREFIX', 'gnome-'), ('GNOME_SETUP_DISPLAY', ':1'), ('XDG_RUNTIME_DIR', '/run/user/1000'), ('DISPLAY', ':0'), ('TERMINATOR_DBUS_PATH', '/net/tenshu/Terminator2'), ('LANG', 'en_US.UTF-8'), ('XDG_CURRENT_DESKTOP', 'ubuntu:GNOME'), ('IBUS_DISABLE_SNOOPER', '1'), ('XMODIFIERS', '@im=ibus'), ('XDG_SESSION_DESKTOP', 'ubuntu'), ('XAUTHORITY', '/run/user/1000/.mutter-Xwaylandauth.CLDOW2'), ('LS_COLORS', 'rs=0:di=01;34:ln=01;36:mh=00:pi=40;33:so=01;35:do=01;35:bd=40;33;01:cd=40;33;01:or=40;31;01:mi=00:su=37;41:sg=30;43:ca=30;41:tw=30;42:ow=34;42:st=37;44:ex=01;32:*.tar=01;31:*.tgz=01;31:*.arc=01;31:*.arj=01;31:*.taz=01;31:*.lha=01;31:*.lz4=01;31:*.lzh=01;31:*.lzma=01;31:*.tlz=01;31:*.txz=01;31:*.tzo=01;31:*.t7z=01;31:*.zip=01;31:*.z=01;31:*.dz=01;31:*.gz=01;31:*.lrz=01;31:*.lz=01;31:*.lzo=01;31:*.xz=01;31:*.zst=01;31:*.tzst=01;31:*.bz2=01;31:*.bz=01;31:*.tbz=01;31:*.tbz2=01;31:*.tz=01;31:*.deb=01;31:*.rpm=01;31:*.jar=01;31:*.war=01;31:*.ear=01;31:*.sar=01;31:*.rar=01;31:*.alz=01;31:*.ace=01;31:*.zoo=01;31:*.cpio=01;31:*.7z=01;31:*.rz=01;31:*.cab=01;31:*.wim=01;31:*.swm=01;31:*.dwm=01;31:*.esd=01;31:*.jpg=01;35:*.jpeg=01;35:*.mjpg=01;35:*.mjpeg=01;35:*.gif=01;35:*.bmp=01;35:*.pbm=01;35:*.pgm=01;35:*.ppm=01;35:*.tga=01;35:*.xbm=01;35:*.xpm=01;35:*.tif=01;35:*.tiff=01;35:*.png=01;35:*.svg=01;35:*.svgz=01;35:*.mng=01;35:*.pcx=01;35:*.mov=01;35:*.mpg=01;35:*.mpeg=01;35:*.m2v=01;35:*.mkv=01;35:*.webm=01;35:*.webp=01;35:*.ogm=01;35:*.mp4=01;35:*.m4v=01;35:*.mp4v=01;35:*.vob=01;35:*.qt=01;35:*.nuv=01;35:*.wmv=01;35:*.asf=01;35:*.rm=01;35:*.rmvb=01;35:*.flc=01;35:*.avi=01;35:*.fli=01;35:*.flv=01;35:*.gl=01;35:*.dl=01;35:*.xcf=01;35:*.xwd=01;35:*.yuv=01;35:*.cgm=01;35:*.emf=01;35:*.ogv=01;35:*.ogx=01;35:*.aac=00;36:*.au=00;36:*.flac=00;36:*.m4a=00;36:*.mid=00;36:*.midi=00;36:*.mka=00;36:*.mp3=00;36:*.mpc=00;36:*.ogg=00;36:*.ra=00;36:*.wav=00;36:*.oga=00;36:*.opus=00;36:*.spx=00;36:*.xspf=00;36:'), ('SSH_AGENT_LAUNCHER', 'gnome-keyring'), ('SSH_AUTH_SOCK', '/run/user/1000/keyring/ssh'), ('AMENT_PREFIX_PATH', '/home/parallels/ros2_ws/install/ros2_controllers:/home/parallels/ros2_ws/install/ign_ros2_control_demos:/home/parallels/ros2_ws/install/velocity_controllers:/home/parallels/ros2_ws/install/tricycle_steering_controller:/home/parallels/ros2_ws/install/tricycle_controller:/home/parallels/ros2_ws/install/ros2_control:/home/parallels/ros2_ws/install/transmission_interface:/home/parallels/ros2_ws/install/bicycle_steering_controller:/home/parallels/ros2_ws/install/ackermann_steering_controller:/home/parallels/ros2_ws/install/steering_controllers_library:/home/parallels/ros2_ws/install/rqt_joint_trajectory_controller:/home/parallels/ros2_ws/install/rqt_controller_manager:/home/parallels/ros2_ws/install/gz_ros2_control_tests:/home/parallels/ros2_ws/install/ros2controlcli:/home/parallels/ros2_ws/install/ros2_controllers_test_nodes:/home/parallels/ros2_ws/install/ign_ros2_control:/home/parallels/ros2_ws/install/hardware_interface_testing:/home/parallels/ros2_ws/install/controller_manager:/home/parallels/ros2_ws/install/ros2_control_test_assets:/home/parallels/ros2_ws/install/range_sensor_broadcaster:/home/parallels/ros2_ws/install/position_controllers:/home/parallels/ros2_ws/install/polygon_plugins:/home/parallels/ros2_ws/install/polygon_base:/home/parallels/ros2_ws/install/my_py_pkg:/home/parallels/ros2_ws/install/my_cpp_pkg:/home/parallels/ros2_ws/install/admittance_controller:/home/parallels/ros2_ws/install/joint_trajectory_controller:/home/parallels/ros2_ws/install/joint_state_broadcaster:/home/parallels/ros2_ws/install/joint_limits:/home/parallels/ros2_ws/install/imu_sensor_broadcaster:/home/parallels/ros2_ws/install/gripper_controllers:/home/parallels/ros2_ws/install/effort_controllers:/home/parallels/ros2_ws/install/forward_command_controller:/home/parallels/ros2_ws/install/force_torque_sensor_broadcaster:/home/parallels/ros2_ws/install/diff_drive_controller:/home/parallels/ros2_ws/install/controller_interface:/home/parallels/ros2_ws/install/hardware_interface:/home/parallels/ros2_ws/install/controller_manager_msgs:/opt/ros/humble'), ('SHELL', '/bin/bash'), ('TERMINATOR_UUID', 'urn:uuid:a1db813b-24c0-4446-9710-5f2a1481b425'), ('QT_ACCESSIBILITY', '1'), ('GDMSESSION', 'ubuntu'), ('LESSCLOSE', '/usr/bin/lesspipe %s %s'), ('GJS_DEBUG_OUTPUT', 'stderr'), ('QT_IM_MODULE', 'ibus'), ('PWD', '/home/parallels/ros2_ws/build/my_cpp_pkg'), ('LC_ALL', 'en_US.UTF-8'), ('XDG_CONFIG_DIRS', '/etc/xdg/xdg-ubuntu:/etc/xdg'), ('XDG_DATA_DIRS', '/usr/share/ubuntu:/usr/local/share/:/usr/share/:/var/lib/snapd/desktop'), ('PYTHONPATH', '/home/parallels/ros2_ws/install/rqt_joint_trajectory_controller/lib/python3.10/site-packages:/home/parallels/ros2_ws/install/rqt_controller_manager/lib/python3.10/site-packages:/home/parallels/ros2_ws/install/ros2controlcli/lib/python3.10/site-packages:/home/parallels/ros2_ws/install/ros2_controllers_test_nodes/lib/python3.10/site-packages:/home/parallels/ros2_ws/install/controller_manager/local/lib/python3.10/dist-packages:/home/parallels/ros2_ws/install/my_py_pkg/lib/python3.10/site-packages:/home/parallels/ros2_ws/install/controller_manager_msgs/local/lib/python3.10/dist-packages:/opt/ros/humble/lib/python3.10/site-packages:/opt/ros/humble/local/lib/python3.10/dist-packages'), ('COLCON', '1'), ('VTE_VERSION', '6800'), ('CMAKE_PREFIX_PATH', '/home/parallels/ros2_ws/install/ros2_controllers:/home/parallels/ros2_ws/install/ign_ros2_control_demos:/home/parallels/ros2_ws/install/velocity_controllers:/home/parallels/ros2_ws/install/tricycle_steering_controller:/home/parallels/ros2_ws/install/tricycle_controller:/home/parallels/ros2_ws/install/ros2_control:/home/parallels/ros2_ws/install/transmission_interface:/home/parallels/ros2_ws/install/bicycle_steering_controller:/home/parallels/ros2_ws/install/ackermann_steering_controller:/home/parallels/ros2_ws/install/steering_controllers_library:/home/parallels/ros2_ws/install/gz_ros2_control_tests:/home/parallels/ros2_ws/install/ign_ros2_control:/home/parallels/ros2_ws/install/hardware_interface_testing:/home/parallels/ros2_ws/install/controller_manager:/home/parallels/ros2_ws/install/ros2_control_test_assets:/home/parallels/ros2_ws/install/range_sensor_broadcaster:/home/parallels/ros2_ws/install/position_controllers:/home/parallels/ros2_ws/install/polygon_plugins:/home/parallels/ros2_ws/install/polygon_base:/home/parallels/ros2_ws/install/my_cpp_pkg:/home/parallels/ros2_ws/install/admittance_controller:/home/parallels/ros2_ws/install/joint_trajectory_controller:/home/parallels/ros2_ws/install/joint_state_broadcaster:/home/parallels/ros2_ws/install/joint_limits:/home/parallels/ros2_ws/install/imu_sensor_broadcaster:/home/parallels/ros2_ws/install/gripper_controllers:/home/parallels/ros2_ws/install/effort_controllers:/home/parallels/ros2_ws/install/forward_command_controller:/home/parallels/ros2_ws/install/force_torque_sensor_broadcaster:/home/parallels/ros2_ws/install/diff_drive_controller:/home/parallels/ros2_ws/install/controller_interface:/home/parallels/ros2_ws/install/hardware_interface:/home/parallels/ros2_ws/install/controller_manager_msgs::/usr:/home/parallels/ros2_ws/install/rqt_joint_trajectory_controller:/home/parallels/ros2_ws/install/rqt_controller_manager:/home/parallels/ros2_ws/install/ros2controlcli:/home/parallels/ros2_ws/install/ros2_controllers_test_nodes:/home/parallels/ros2_ws/install/my_py_pkg:/opt/ros/humble')]), 'shell': False}
[0.021231] (my_cpp_pkg) StdoutLine: {'line': b'-- Found ament_cmake: 1.3.10 (/opt/ros/humble/share/ament_cmake/cmake)\n'}
[0.082967] (my_cpp_pkg) StdoutLine: {'line': b'-- Found rclcpp: 16.0.10 (/opt/ros/humble/share/rclcpp/cmake)\n'}
[0.097406] (my_cpp_pkg) StdoutLine: {'line': b'-- Found rosidl_generator_c: 3.1.5 (/opt/ros/humble/share/rosidl_generator_c/cmake)\n'}
[0.098553] (my_cpp_pkg) StdoutLine: {'line': b'-- Found rosidl_adapter: 3.1.5 (/opt/ros/humble/share/rosidl_adapter/cmake)\n'}
[0.100163] (-) TimerEvent: {}
[0.101278] (my_cpp_pkg) StdoutLine: {'line': b'-- Found rosidl_generator_cpp: 3.1.5 (/opt/ros/humble/share/rosidl_generator_cpp/cmake)\n'}
[0.107398] (my_cpp_pkg) StdoutLine: {'line': b'-- Using all available rosidl_typesupport_c: rosidl_typesupport_fastrtps_c;rosidl_typesupport_introspection_c\n'}
[0.115654] (my_cpp_pkg) StdoutLine: {'line': b'-- Using all available rosidl_typesupport_cpp: rosidl_typesupport_fastrtps_cpp;rosidl_typesupport_introspection_cpp\n'}
[0.130264] (my_cpp_pkg) StdoutLine: {'line': b'-- Found rmw_implementation_cmake: 6.1.2 (/opt/ros/humble/share/rmw_implementation_cmake/cmake)\n'}
[0.131633] (my_cpp_pkg) StdoutLine: {'line': b'-- Found rmw_fastrtps_cpp: 6.2.7 (/opt/ros/humble/share/rmw_fastrtps_cpp/cmake)\n'}
[0.200253] (-) TimerEvent: {}
[0.210378] (my_cpp_pkg) StdoutLine: {'line': b"-- Using RMW implementation 'rmw_fastrtps_cpp' as default\n"}
[0.235893] (my_cpp_pkg) StdoutLine: {'line': b'-- Found example_interfaces: 0.9.3 (/opt/ros/humble/share/example_interfaces/cmake)\n'}
[0.290962] (my_cpp_pkg) StdoutLine: {'line': b'-- Configuring done\n'}
[0.298405] (my_cpp_pkg) StdoutLine: {'line': b'-- Generating done\n'}
[0.299535] (my_cpp_pkg) StdoutLine: {'line': b'-- Build files have been written to: /home/parallels/ros2_ws/build/my_cpp_pkg\n'}
[0.300476] (-) TimerEvent: {}
[0.313903] (my_cpp_pkg) StdoutLine: {'line': b'\x1b[35m\x1b[1mConsolidate compiler generated dependencies of target robot_radio_station\x1b[0m\n'}
[0.314277] (my_cpp_pkg) StdoutLine: {'line': b'\x1b[35m\x1b[1mConsolidate compiler generated dependencies of target cpp_node\x1b[0m\n'}
[0.319121] (my_cpp_pkg) StdoutLine: {'line': b'[ 16%] \x1b[32mBuilding CXX object CMakeFiles/smartphone.dir/src/smartphone.cpp.o\x1b[0m\n'}
[0.323822] (my_cpp_pkg) StdoutLine: {'line': b'[ 50%] Built target robot_radio_station\n'}
[0.332225] (my_cpp_pkg) StdoutLine: {'line': b'[ 83%] Built target cpp_node\n'}
[0.400575] (-) TimerEvent: {}
[0.501218] (-) TimerEvent: {}
[0.602015] (-) TimerEvent: {}
[0.702245] (-) TimerEvent: {}
[0.804047] (-) TimerEvent: {}
[0.909299] (-) TimerEvent: {}
[1.010986] (-) TimerEvent: {}
[1.114207] (-) TimerEvent: {}
[1.215671] (-) TimerEvent: {}
[1.280684] (my_cpp_pkg) StderrLine: {'line': b'\x1b[01m\x1b[K/home/parallels/ros2_ws/src/my_cpp_pkg/src/smartphone.cpp:\x1b[m\x1b[K In constructor \xe2\x80\x98\x1b[01m\x1b[Ksmartphone::smartphone()\x1b[m\x1b[K\xe2\x80\x99:\n'}
[1.280820] (my_cpp_pkg) StderrLine: {'line': b'\x1b[01m\x1b[K/home/parallels/ros2_ws/src/my_cpp_pkg/src/smartphone.cpp:9:118:\x1b[m\x1b[K \x1b[01;31m\x1b[Kerror: \x1b[m\x1b[Kno matching function for call to \xe2\x80\x98\x1b[01m\x1b[Ksmartphone::callBackRobotNews()\x1b[m\x1b[K\xe2\x80\x99\n'}
[1.280854] (my_cpp_pkg) StderrLine: {'line': b'    9 |         subscriber_ = this->create_subscription<example_interfaces::msg::String>("robot_news",\x1b[01;31m\x1b[Kthis->callBackRobotNews()\x1b[m\x1b[K,10);\n'}
[1.280881] (my_cpp_pkg) StderrLine: {'line': b'      |                                                                                               \x1b[01;31m\x1b[K~~~~~~~~~~~~~~~~~~~~~~~^~\x1b[m\x1b[K\n'}
[1.280905] (my_cpp_pkg) StderrLine: {'line': b'\x1b[01m\x1b[K/home/parallels/ros2_ws/src/my_cpp_pkg/src/smartphone.cpp:13:10:\x1b[m\x1b[K \x1b[01;36m\x1b[Knote: \x1b[m\x1b[Kcandidate: \xe2\x80\x98\x1b[01m\x1b[Kvoid smartphone::callBackRobotNews(example_interfaces::msg::String_<std::allocator<void> >::SharedPtr)\x1b[m\x1b[K\xe2\x80\x99\n'}
[1.280931] (my_cpp_pkg) StderrLine: {'line': b'   13 |     void \x1b[01;36m\x1b[KcallBackRobotNews\x1b[m\x1b[K(const example_interfaces::msg::String::SharedPtr msg){\n'}
[1.280955] (my_cpp_pkg) StderrLine: {'line': b'      |          \x1b[01;36m\x1b[K^~~~~~~~~~~~~~~~~\x1b[m\x1b[K\n'}
[1.280978] (my_cpp_pkg) StderrLine: {'line': b'\x1b[01m\x1b[K/home/parallels/ros2_ws/src/my_cpp_pkg/src/smartphone.cpp:13:10:\x1b[m\x1b[K \x1b[01;36m\x1b[Knote: \x1b[m\x1b[K  candidate expects 1 argument, 0 provided\n'}
[1.315869] (-) TimerEvent: {}
[1.416131] (-) TimerEvent: {}
[1.459449] (my_cpp_pkg) StderrLine: {'line': b'gmake[2]: *** [CMakeFiles/smartphone.dir/build.make:76: CMakeFiles/smartphone.dir/src/smartphone.cpp.o] Error 1\n'}
[1.459708] (my_cpp_pkg) StderrLine: {'line': b'gmake[1]: *** [CMakeFiles/Makefile2:193: CMakeFiles/smartphone.dir/all] Error 2\n'}
[1.459778] (my_cpp_pkg) StderrLine: {'line': b'gmake: *** [Makefile:146: all] Error 2\n'}
[1.460921] (my_cpp_pkg) CommandEnded: {'returncode': 2}
[1.485573] (my_cpp_pkg) JobEnded: {'identifier': 'my_cpp_pkg', 'rc': 2}
[1.496472] (-) EventReactorShutdown: {}
