[0.006s] Invoking command in '/home/parallels/ros2_ws/build/my_robot_interfaces': CMAKE_PREFIX_PATH=${CMAKE_PREFIX_PATH}:/home/parallels/ros2_ws/install/rqt_joint_trajectory_controller:/home/parallels/ros2_ws/install/rqt_controller_manager:/home/parallels/ros2_ws/install/ros2controlcli:/home/parallels/ros2_ws/install/ros2_controllers_test_nodes:/home/parallels/ros2_ws/install/number_counter:/home/parallels/ros2_ws/install/my_py_pkg:/home/parallels/ros2_ws/install/add_two_ints:/opt/ros/humble /usr/bin/cmake --build /home/parallels/ros2_ws/build/my_robot_interfaces -- -j4 -l4
[0.026s] -- Found ament_cmake: 1.3.10 (/opt/ros/humble/share/ament_cmake/cmake)
[0.102s] -- Found rosidl_default_generators: 1.2.0 (/opt/ros/humble/share/rosidl_default_generators/cmake)
[0.106s] -- Using all available rosidl_typesupport_c: rosidl_typesupport_fastrtps_c;rosidl_typesupport_introspection_c
[0.108s] -- Found rosidl_adapter: 3.1.5 (/opt/ros/humble/share/rosidl_adapter/cmake)
[0.138s] -- Using all available rosidl_typesupport_cpp: rosidl_typesupport_fastrtps_cpp;rosidl_typesupport_introspection_cpp
[0.288s] -- Found ament_cmake_ros: 0.10.0 (/opt/ros/humble/share/ament_cmake_ros/cmake)
[0.384s] -- Using all available rosidl_typesupport_c: rosidl_typesupport_fastrtps_c;rosidl_typesupport_introspection_c
[0.518s] -- Using all available rosidl_typesupport_cpp: rosidl_typesupport_fastrtps_cpp;rosidl_typesupport_introspection_cpp
[0.532s] -- Found python_cmake_module: 0.10.0 (/opt/ros/humble/share/python_cmake_module/cmake)
[0.551s] -- Using PYTHON_EXECUTABLE: /usr/bin/python3
[0.551s] -- Using PYTHON_INCLUDE_DIRS: /usr/include/python3.10
[0.551s] -- Using PYTHON_LIBRARIES: /usr/lib/aarch64-linux-gnu/libpython3.10.so
[0.569s] -- Configuring done
[0.590s] -- Generating done
[0.592s] -- Build files have been written to: /home/parallels/ros2_ws/build/my_robot_interfaces
[0.606s] [35m[1mConsolidate compiler generated dependencies of target my_robot_interfaces__rosidl_generator_c[0m
[0.612s] [  2%] Built target my_robot_interfaces__cpp
[0.613s] [  4%] [32mBuilding C object CMakeFiles/my_robot_interfaces__rosidl_generator_c.dir/rosidl_generator_c/my_robot_interfaces/srv/detail/set_led__functions.c.o[0m
[0.618s] [35m[1mConsolidate compiler generated dependencies of target my_robot_interfaces__rosidl_typesupport_fastrtps_cpp[0m
[0.619s] [  4%] Built target ament_cmake_python_copy_my_robot_interfaces
[0.621s] In file included from [01m[K/home/parallels/ros2_ws/build/my_robot_interfaces/rosidl_generator_c/my_robot_interfaces/srv/detail/set_led__functions.h:19[m[K,
[0.621s]                  from [01m[K/home/parallels/ros2_ws/build/my_robot_interfaces/rosidl_generator_c/my_robot_interfaces/srv/detail/set_led__functions.c:4[m[K:
[0.622s] [01m[K/home/parallels/ros2_ws/build/my_robot_interfaces/rosidl_generator_c/my_robot_interfaces/srv/detail/set_led__struct.h:41:10:[m[K [01;31m[Kfatal error: [m[Kmy_robot_interfaces/msg/detail/string__struct.h: No such file or directory
[0.622s]    41 | #include [01;31m[K"my_robot_interfaces/msg/detail/string__struct.h"[m[K
[0.622s]       |          [01;31m[K^~~~~~~~~~~~~~~~~~~~~~~~~~~~~~~~~~~~~~~~~~~~~~~~~[m[K
[0.622s] compilation terminated.
[0.623s] gmake[2]: *** [CMakeFiles/my_robot_interfaces__rosidl_generator_c.dir/build.make:165: CMakeFiles/my_robot_interfaces__rosidl_generator_c.dir/rosidl_generator_c/my_robot_interfaces/srv/detail/set_led__functions.c.o] Error 1
[0.623s] gmake[1]: *** [CMakeFiles/Makefile2:213: CMakeFiles/my_robot_interfaces__rosidl_generator_c.dir/all] Error 2
[0.623s] gmake[1]: *** Waiting for unfinished jobs....
[0.625s] [35m[1mConsolidate compiler generated dependencies of target my_robot_interfaces__rosidl_typesupport_introspection_cpp[0m
[0.626s] [35m[1mConsolidate compiler generated dependencies of target my_robot_interfaces__rosidl_typesupport_cpp[0m
[0.626s] [  6%] [32mBuilding CXX object CMakeFiles/my_robot_interfaces__rosidl_typesupport_fastrtps_cpp.dir/rosidl_typesupport_fastrtps_cpp/my_robot_interfaces/srv/detail/dds_fastrtps/set_led__type_support.cpp.o[0m
[0.636s] [  8%] [32mBuilding CXX object CMakeFiles/my_robot_interfaces__rosidl_typesupport_cpp.dir/rosidl_typesupport_cpp/my_robot_interfaces/srv/set_led__type_support.cpp.o[0m
[0.645s] [ 10%] [32mBuilding CXX object CMakeFiles/my_robot_interfaces__rosidl_typesupport_introspection_cpp.dir/rosidl_typesupport_introspection_cpp/my_robot_interfaces/srv/detail/set_led__type_support.cpp.o[0m
[0.659s] In file included from [01m[K/home/parallels/ros2_ws/build/my_robot_interfaces/rosidl_typesupport_fastrtps_cpp/my_robot_interfaces/srv/detail/set_led__rosidl_typesupport_fastrtps_cpp.hpp:11[m[K,
[0.659s]                  from [01m[K/home/parallels/ros2_ws/build/my_robot_interfaces/rosidl_typesupport_fastrtps_cpp/my_robot_interfaces/srv/detail/dds_fastrtps/set_led__type_support.cpp:4[m[K:
[0.659s] [01m[K/home/parallels/ros2_ws/build/my_robot_interfaces/rosidl_generator_cpp/my_robot_interfaces/srv/detail/set_led__struct.hpp:134:10:[m[K [01;31m[Kfatal error: [m[Kmy_robot_interfaces/msg/detail/string__struct.hpp: No such file or directory
[0.659s]   134 | #include [01;31m[K"my_robot_interfaces/msg/detail/string__struct.hpp"[m[K
[0.659s]       |          [01;31m[K^~~~~~~~~~~~~~~~~~~~~~~~~~~~~~~~~~~~~~~~~~~~~~~~~~~[m[K
[0.659s] compilation terminated.
[0.660s] gmake[2]: *** [CMakeFiles/my_robot_interfaces__rosidl_typesupport_fastrtps_cpp.dir/build.make:133: CMakeFiles/my_robot_interfaces__rosidl_typesupport_fastrtps_cpp.dir/rosidl_typesupport_fastrtps_cpp/my_robot_interfaces/srv/detail/dds_fastrtps/set_led__type_support.cpp.o] Error 1
[0.660s] gmake[1]: *** [CMakeFiles/Makefile2:343: CMakeFiles/my_robot_interfaces__rosidl_typesupport_fastrtps_cpp.dir/all] Error 2
[0.664s] In file included from [01m[K/home/parallels/ros2_ws/build/my_robot_interfaces/rosidl_typesupport_cpp/my_robot_interfaces/srv/set_led__type_support.cpp:7[m[K:
[0.664s] [01m[K/home/parallels/ros2_ws/build/my_robot_interfaces/rosidl_generator_cpp/my_robot_interfaces/srv/detail/set_led__struct.hpp:134:10:[m[K [01;31m[Kfatal error: [m[Kmy_robot_interfaces/msg/detail/string__struct.hpp: No such file or directory
[0.664s]   134 | #include [01;31m[K"my_robot_interfaces/msg/detail/string__struct.hpp"[m[K
[0.664s]       |          [01;31m[K^~~~~~~~~~~~~~~~~~~~~~~~~~~~~~~~~~~~~~~~~~~~~~~~~~~[m[K
[0.664s] compilation terminated.
[0.664s] gmake[2]: *** [CMakeFiles/my_robot_interfaces__rosidl_typesupport_cpp.dir/build.make:122: CMakeFiles/my_robot_interfaces__rosidl_typesupport_cpp.dir/rosidl_typesupport_cpp/my_robot_interfaces/srv/set_led__type_support.cpp.o] Error 1
[0.665s] gmake[1]: *** [CMakeFiles/Makefile2:395: CMakeFiles/my_robot_interfaces__rosidl_typesupport_cpp.dir/all] Error 2
[0.676s] In file included from [01m[K/home/parallels/ros2_ws/build/my_robot_interfaces/rosidl_typesupport_introspection_cpp/my_robot_interfaces/srv/detail/set_led__type_support.cpp:12[m[K:
[0.676s] [01m[K/home/parallels/ros2_ws/build/my_robot_interfaces/rosidl_generator_cpp/my_robot_interfaces/srv/detail/set_led__struct.hpp:134:10:[m[K [01;31m[Kfatal error: [m[Kmy_robot_interfaces/msg/detail/string__struct.hpp: No such file or directory
[0.676s]   134 | #include [01;31m[K"my_robot_interfaces/msg/detail/string__struct.hpp"[m[K
[0.676s]       |          [01;31m[K^~~~~~~~~~~~~~~~~~~~~~~~~~~~~~~~~~~~~~~~~~~~~~~~~~~[m[K
[0.676s] compilation terminated.
[0.677s] gmake[2]: *** [CMakeFiles/my_robot_interfaces__rosidl_typesupport_introspection_cpp.dir/build.make:133: CMakeFiles/my_robot_interfaces__rosidl_typesupport_introspection_cpp.dir/rosidl_typesupport_introspection_cpp/my_robot_interfaces/srv/detail/set_led__type_support.cpp.o] Error 1
[0.677s] gmake[1]: *** [CMakeFiles/Makefile2:369: CMakeFiles/my_robot_interfaces__rosidl_typesupport_introspection_cpp.dir/all] Error 2
[0.677s] gmake: *** [Makefile:146: all] Error 2
[0.678s] Invoked command in '/home/parallels/ros2_ws/build/my_robot_interfaces' returned '2': CMAKE_PREFIX_PATH=${CMAKE_PREFIX_PATH}:/home/parallels/ros2_ws/install/rqt_joint_trajectory_controller:/home/parallels/ros2_ws/install/rqt_controller_manager:/home/parallels/ros2_ws/install/ros2controlcli:/home/parallels/ros2_ws/install/ros2_controllers_test_nodes:/home/parallels/ros2_ws/install/number_counter:/home/parallels/ros2_ws/install/my_py_pkg:/home/parallels/ros2_ws/install/add_two_ints:/opt/ros/humble /usr/bin/cmake --build /home/parallels/ros2_ws/build/my_robot_interfaces -- -j4 -l4
