[0.006s] Invoking command in '/home/parallels/ros2_ws/build/my_cpp_pkg': CMAKE_PREFIX_PATH=${CMAKE_PREFIX_PATH}:/home/parallels/ros2_ws/install/rqt_joint_trajectory_controller:/home/parallels/ros2_ws/install/rqt_controller_manager:/home/parallels/ros2_ws/install/ros2controlcli:/home/parallels/ros2_ws/install/ros2_controllers_test_nodes:/home/parallels/ros2_ws/install/my_py_pkg:/opt/ros/humble /usr/bin/cmake --build /home/parallels/ros2_ws/build/my_cpp_pkg -- -j4 -l4
[0.020s] -- Found ament_cmake: 1.3.10 (/opt/ros/humble/share/ament_cmake/cmake)
[0.082s] -- Found rclcpp: 16.0.10 (/opt/ros/humble/share/rclcpp/cmake)
[0.097s] -- Found rosidl_generator_c: 3.1.5 (/opt/ros/humble/share/rosidl_generator_c/cmake)
[0.098s] -- Found rosidl_adapter: 3.1.5 (/opt/ros/humble/share/rosidl_adapter/cmake)
[0.100s] -- Found rosidl_generator_cpp: 3.1.5 (/opt/ros/humble/share/rosidl_generator_cpp/cmake)
[0.107s] -- Using all available rosidl_typesupport_c: rosidl_typesupport_fastrtps_c;rosidl_typesupport_introspection_c
[0.115s] -- Using all available rosidl_typesupport_cpp: rosidl_typesupport_fastrtps_cpp;rosidl_typesupport_introspection_cpp
[0.129s] -- Found rmw_implementation_cmake: 6.1.2 (/opt/ros/humble/share/rmw_implementation_cmake/cmake)
[0.131s] -- Found rmw_fastrtps_cpp: 6.2.7 (/opt/ros/humble/share/rmw_fastrtps_cpp/cmake)
[0.210s] -- Using RMW implementation 'rmw_fastrtps_cpp' as default
[0.235s] -- Found example_interfaces: 0.9.3 (/opt/ros/humble/share/example_interfaces/cmake)
[0.290s] -- Configuring done
[0.298s] -- Generating done
[0.299s] -- Build files have been written to: /home/parallels/ros2_ws/build/my_cpp_pkg
[0.313s] [35m[1mConsolidate compiler generated dependencies of target robot_radio_station[0m
[0.313s] [35m[1mConsolidate compiler generated dependencies of target cpp_node[0m
[0.318s] [ 16%] [32mBuilding CXX object CMakeFiles/smartphone.dir/src/smartphone.cpp.o[0m
[0.323s] [ 50%] Built target robot_radio_station
[0.331s] [ 83%] Built target cpp_node
[1.280s] [01m[K/home/parallels/ros2_ws/src/my_cpp_pkg/src/smartphone.cpp:[m[K In constructor â€˜[01m[Ksmartphone::smartphone()[m[Kâ€™:
[1.280s] [01m[K/home/parallels/ros2_ws/src/my_cpp_pkg/src/smartphone.cpp:9:118:[m[K [01;31m[Kerror: [m[Kno matching function for call to â€˜[01m[Ksmartphone::callBackRobotNews()[m[Kâ€™
[1.280s]     9 |         subscriber_ = this->create_subscription<example_interfaces::msg::String>("robot_news",[01;31m[Kthis->callBackRobotNews()[m[K,10);
[1.280s]       |                                                                                               [01;31m[K~~~~~~~~~~~~~~~~~~~~~~~^~[m[K
[1.280s] [01m[K/home/parallels/ros2_ws/src/my_cpp_pkg/src/smartphone.cpp:13:10:[m[K [01;36m[Knote: [m[Kcandidate: â€˜[01m[Kvoid smartphone::callBackRobotNews(example_interfaces::msg::String_<std::allocator<void> >::SharedPtr)[m[Kâ€™
[1.280s]    13 |     void [01;36m[KcallBackRobotNews[m[K(const example_interfaces::msg::String::SharedPtr msg){
[1.280s]       |          [01;36m[K^~~~~~~~~~~~~~~~~[m[K
[1.280s] [01m[K/home/parallels/ros2_ws/src/my_cpp_pkg/src/smartphone.cpp:13:10:[m[K [01;36m[Knote: [m[K  candidate expects 1 argument, 0 provided
[1.459s] gmake[2]: *** [CMakeFiles/smartphone.dir/build.make:76: CMakeFiles/smartphone.dir/src/smartphone.cpp.o] Error 1
[1.459s] gmake[1]: *** [CMakeFiles/Makefile2:193: CMakeFiles/smartphone.dir/all] Error 2
[1.459s] gmake: *** [Makefile:146: all] Error 2
[1.460s] Invoked command in '/home/parallels/ros2_ws/build/my_cpp_pkg' returned '2': CMAKE_PREFIX_PATH=${CMAKE_PREFIX_PATH}:/home/parallels/ros2_ws/install/rqt_joint_trajectory_controller:/home/parallels/ros2_ws/install/rqt_controller_manager:/home/parallels/ros2_ws/install/ros2controlcli:/home/parallels/ros2_ws/install/ros2_controllers_test_nodes:/home/parallels/ros2_ws/install/my_py_pkg:/opt/ros/humble /usr/bin/cmake --build /home/parallels/ros2_ws/build/my_cpp_pkg -- -j4 -l4
