[0.009s] Invoking command in '/home/parallels/ros2_ws/build/my_cpp_pkg': CMAKE_PREFIX_PATH=${CMAKE_PREFIX_PATH}:/home/parallels/ros2_ws/install/rqt_joint_trajectory_controller:/home/parallels/ros2_ws/install/rqt_controller_manager:/home/parallels/ros2_ws/install/ros2controlcli:/home/parallels/ros2_ws/install/ros2_controllers_test_nodes:/home/parallels/ros2_ws/install/my_py_pkg:/opt/ros/humble /usr/bin/cmake --build /home/parallels/ros2_ws/build/my_cpp_pkg -- -j4 -l4
[0.054s] -- Found ament_cmake: 1.3.10 (/opt/ros/humble/share/ament_cmake/cmake)
[0.133s] -- Found rclcpp: 16.0.10 (/opt/ros/humble/share/rclcpp/cmake)
[0.156s] -- Found rosidl_generator_c: 3.1.5 (/opt/ros/humble/share/rosidl_generator_c/cmake)
[0.158s] -- Found rosidl_adapter: 3.1.5 (/opt/ros/humble/share/rosidl_adapter/cmake)
[0.161s] -- Found rosidl_generator_cpp: 3.1.5 (/opt/ros/humble/share/rosidl_generator_cpp/cmake)
[0.169s] -- Using all available rosidl_typesupport_c: rosidl_typesupport_fastrtps_c;rosidl_typesupport_introspection_c
[0.180s] -- Using all available rosidl_typesupport_cpp: rosidl_typesupport_fastrtps_cpp;rosidl_typesupport_introspection_cpp
[0.203s] -- Found rmw_implementation_cmake: 6.1.2 (/opt/ros/humble/share/rmw_implementation_cmake/cmake)
[0.205s] -- Found rmw_fastrtps_cpp: 6.2.7 (/opt/ros/humble/share/rmw_fastrtps_cpp/cmake)
[0.284s] -- Using RMW implementation 'rmw_fastrtps_cpp' as default
[0.319s] -- Found example_interfaces: 0.9.3 (/opt/ros/humble/share/example_interfaces/cmake)
[0.383s] -- Configuring done
[0.395s] -- Generating done
[0.397s] -- Build files have been written to: /home/parallels/ros2_ws/build/my_cpp_pkg
[0.412s] [35m[1mConsolidate compiler generated dependencies of target cpp_node[0m
[0.412s] [35m[1mConsolidate compiler generated dependencies of target robot_radio_station[0m
[0.421s] [35m[1mConsolidate compiler generated dependencies of target smartphone[0m
[0.422s] [ 16%] [32mBuilding CXX object CMakeFiles/robot_radio_station.dir/src/robot_radio_station.cpp.o[0m
[0.423s] [ 50%] Built target cpp_node
[0.431s] [ 66%] [32mBuilding CXX object CMakeFiles/smartphone.dir/src/smartphone.cpp.o[0m
[0.461s] [01m[K/home/parallels/ros2_ws/src/my_cpp_pkg/src/robot_radio_station.cpp:1:10:[m[K [01;31m[Kfatal error: [m[Krclcpp/rclcpp/rclcpp.hpp: No such file or directory
[0.461s]     1 | #include [01;31m[K"rclcpp/rclcpp/rclcpp.hpp"[m[K
[0.461s]       |          [01;31m[K^~~~~~~~~~~~~~~~~~~~~~~~~~[m[K
[0.461s] compilation terminated.
[0.462s] gmake[2]: *** [CMakeFiles/robot_radio_station.dir/build.make:76: CMakeFiles/robot_radio_station.dir/src/robot_radio_station.cpp.o] Error 1
[0.462s] gmake[1]: *** [CMakeFiles/Makefile2:167: CMakeFiles/robot_radio_station.dir/all] Error 2
[0.462s] gmake[1]: *** Waiting for unfinished jobs....
[4.049s] [ 83%] [32m[1mLinking CXX executable smartphone[0m
[4.310s] [ 83%] Built target smartphone
[4.311s] gmake: *** [Makefile:146: all] Error 2
[4.313s] Invoked command in '/home/parallels/ros2_ws/build/my_cpp_pkg' returned '2': CMAKE_PREFIX_PATH=${CMAKE_PREFIX_PATH}:/home/parallels/ros2_ws/install/rqt_joint_trajectory_controller:/home/parallels/ros2_ws/install/rqt_controller_manager:/home/parallels/ros2_ws/install/ros2controlcli:/home/parallels/ros2_ws/install/ros2_controllers_test_nodes:/home/parallels/ros2_ws/install/my_py_pkg:/opt/ros/humble /usr/bin/cmake --build /home/parallels/ros2_ws/build/my_cpp_pkg -- -j4 -l4
