[0.013s] Invoking command in '/home/parallels/ros2_ws/build/my_cpp_pkg': CMAKE_PREFIX_PATH=${CMAKE_PREFIX_PATH}:/home/parallels/ros2_ws/install/rqt_joint_trajectory_controller:/home/parallels/ros2_ws/install/rqt_controller_manager:/home/parallels/ros2_ws/install/ros2controlcli:/home/parallels/ros2_ws/install/ros2_controllers_test_nodes:/home/parallels/ros2_ws/install/my_py_pkg:/opt/ros/humble /usr/bin/cmake --build /home/parallels/ros2_ws/build/my_cpp_pkg -- -j4 -l4
[0.046s] [35m[1mConsolidate compiler generated dependencies of target smartphone[0m
[0.053s] [ 50%] Built target robot_radio_station
[0.054s] [ 66%] Built target cpp_node
[0.055s] [ 83%] [32mBuilding CXX object CMakeFiles/smartphone.dir/src/smartphone.cpp.o[0m
[1.024s] [01m[K/home/parallels/ros2_ws/src/my_cpp_pkg/src/smartphone.cpp:[m[K In constructor â€˜[01m[Ksmartphone::smartphone()[m[Kâ€™:
[1.025s] [01m[K/home/parallels/ros2_ws/src/my_cpp_pkg/src/smartphone.cpp:9:132:[m[K [01;31m[Kerror: [m[Kâ€˜[01m[Kusing element_type = class rclcpp::Subscription<example_interfaces::msg::String_<std::allocator<void> > >[m[Kâ€™ {aka â€˜[01m[Kclass rclcpp::Subscription<example_interfaces::msg::String_<std::allocator<void> > >[m[Kâ€™} has no member named â€˜[01m[Kmsg[m[Kâ€™
[1.025s]     9 |         subscriber_ = this->create_subscription<example_interfaces::msg::String>("robot_news",this->callBackRobotNews(subscriber_->[01;31m[Kmsg[m[K),10);
[1.025s]       |                                                                                                                                    [01;31m[K^~~[m[K
[1.209s] gmake[2]: *** [CMakeFiles/smartphone.dir/build.make:76: CMakeFiles/smartphone.dir/src/smartphone.cpp.o] Error 1
[1.209s] gmake[1]: *** [CMakeFiles/Makefile2:193: CMakeFiles/smartphone.dir/all] Error 2
[1.209s] gmake: *** [Makefile:146: all] Error 2
[1.210s] Invoked command in '/home/parallels/ros2_ws/build/my_cpp_pkg' returned '2': CMAKE_PREFIX_PATH=${CMAKE_PREFIX_PATH}:/home/parallels/ros2_ws/install/rqt_joint_trajectory_controller:/home/parallels/ros2_ws/install/rqt_controller_manager:/home/parallels/ros2_ws/install/ros2controlcli:/home/parallels/ros2_ws/install/ros2_controllers_test_nodes:/home/parallels/ros2_ws/install/my_py_pkg:/opt/ros/humble /usr/bin/cmake --build /home/parallels/ros2_ws/build/my_cpp_pkg -- -j4 -l4
