[0.006s] Invoking command in '/home/parallels/ros2_ws/build/my_cpp_pkg': CMAKE_PREFIX_PATH=${CMAKE_PREFIX_PATH}:/home/parallels/ros2_ws/install/rqt_joint_trajectory_controller:/home/parallels/ros2_ws/install/rqt_controller_manager:/home/parallels/ros2_ws/install/ros2controlcli:/home/parallels/ros2_ws/install/ros2_controllers_test_nodes:/home/parallels/ros2_ws/install/my_py_pkg:/opt/ros/humble /usr/bin/cmake --build /home/parallels/ros2_ws/build/my_cpp_pkg -- -j4 -l4
[0.035s] [ 25%] [32mBuilding CXX object CMakeFiles/robot_radio_station.dir/src/robot_radio_station.cpp.o[0m
[0.037s] [ 75%] Built target cpp_node
[0.138s] [01m[K/home/parallels/ros2_ws/src/my_cpp_pkg/src/robot_radio_station.cpp:2:10:[m[K [01;31m[Kfatal error: [m[Kexample_interfaces/msg/string.hpp: No such file or directory
[0.138s]     2 | #include [01;31m[K"example_interfaces/msg/string.hpp"[m[K
[0.138s]       |          [01;31m[K^~~~~~~~~~~~~~~~~~~~~~~~~~~~~~~~~~~[m[K
[0.138s] compilation terminated.
[0.142s] gmake[2]: *** [CMakeFiles/robot_radio_station.dir/build.make:76: CMakeFiles/robot_radio_station.dir/src/robot_radio_station.cpp.o] Error 1
[0.142s] gmake[1]: *** [CMakeFiles/Makefile2:165: CMakeFiles/robot_radio_station.dir/all] Error 2
[0.142s] gmake: *** [Makefile:146: all] Error 2
[0.143s] Invoked command in '/home/parallels/ros2_ws/build/my_cpp_pkg' returned '2': CMAKE_PREFIX_PATH=${CMAKE_PREFIX_PATH}:/home/parallels/ros2_ws/install/rqt_joint_trajectory_controller:/home/parallels/ros2_ws/install/rqt_controller_manager:/home/parallels/ros2_ws/install/ros2controlcli:/home/parallels/ros2_ws/install/ros2_controllers_test_nodes:/home/parallels/ros2_ws/install/my_py_pkg:/opt/ros/humble /usr/bin/cmake --build /home/parallels/ros2_ws/build/my_cpp_pkg -- -j4 -l4
