-- Found ament_cmake: 1.3.10 (/opt/ros/humble/share/ament_cmake/cmake)
-- Found rclcpp: 16.0.10 (/opt/ros/humble/share/rclcpp/cmake)
-- Found rosidl_generator_c: 3.1.5 (/opt/ros/humble/share/rosidl_generator_c/cmake)
-- Found rosidl_adapter: 3.1.5 (/opt/ros/humble/share/rosidl_adapter/cmake)
-- Found rosidl_generator_cpp: 3.1.5 (/opt/ros/humble/share/rosidl_generator_cpp/cmake)
-- Using all available rosidl_typesupport_c: rosidl_typesupport_fastrtps_c;rosidl_typesupport_introspection_c
-- Using all available rosidl_typesupport_cpp: rosidl_typesupport_fastrtps_cpp;rosidl_typesupport_introspection_cpp
-- Found rmw_implementation_cmake: 6.1.2 (/opt/ros/humble/share/rmw_implementation_cmake/cmake)
-- Found rmw_fastrtps_cpp: 6.2.7 (/opt/ros/humble/share/rmw_fastrtps_cpp/cmake)
-- Using RMW implementation 'rmw_fastrtps_cpp' as default
-- Found example_interfaces: 0.9.3 (/opt/ros/humble/share/example_interfaces/cmake)
-- Found my_robot_interfaces: 0.0.0 (/home/parallels/ros2_ws/install/my_robot_interfaces/share/my_robot_interfaces/cmake)
-- Configuring done
[33mCMake Warning (dev) at CMakeLists.txt:24 (add_executable):
  Policy CMP0115 is not set: Source file extensions must be explicit.  Run
  "cmake --help-policy CMP0115" for policy details.  Use the cmake_policy
  command to set the policy and suppress this warning.

  File:

    /home/parallels/ros2_ws/src/my_cpp_pkg/src/hardwareStatus_pub.cpp
This warning is for project developers.  Use -Wno-dev to suppress it.
[0m
[33mCMake Warning (dev) at CMakeLists.txt:27 (add_executable):
  Policy CMP0115 is not set: Source file extensions must be explicit.  Run
  "cmake --help-policy CMP0115" for policy details.  Use the cmake_policy
  command to set the policy and suppress this warning.

  File:

    /home/parallels/ros2_ws/src/my_cpp_pkg/src/hardwarestatus_sub.cpp
This warning is for project developers.  Use -Wno-dev to suppress it.
[0m
[33mCMake Warning (dev) at CMakeLists.txt:30 (add_executable):
  Policy CMP0115 is not set: Source file extensions must be explicit.  Run
  "cmake --help-policy CMP0115" for policy details.  Use the cmake_policy
  command to set the policy and suppress this warning.

  File:

    /home/parallels/ros2_ws/src/my_cpp_pkg/src/battery_node.cpp
This warning is for project developers.  Use -Wno-dev to suppress it.
[0m
[33mCMake Warning (dev) at CMakeLists.txt:33 (add_executable):
  Policy CMP0115 is not set: Source file extensions must be explicit.  Run
  "cmake --help-policy CMP0115" for policy details.  Use the cmake_policy
  command to set the policy and suppress this warning.

  File:

    /home/parallels/ros2_ws/src/my_cpp_pkg/src/LED_panel.cpp
This warning is for project developers.  Use -Wno-dev to suppress it.
[0m
-- Generating done
-- Build files have been written to: /home/parallels/ros2_ws/build/my_cpp_pkg
[35m[1mConsolidate compiler generated dependencies of target cpp_node[0m
[35m[1mConsolidate compiler generated dependencies of target robot_radio_station[0m
[35m[1mConsolidate compiler generated dependencies of target smartphone[0m
[35m[1mConsolidate compiler generated dependencies of target hardwarestatus_pub[0m
[  7%] [32mBuilding CXX object CMakeFiles/cpp_node.dir/src/my_first_node.cpp.o[0m
[ 14%] [32mBuilding CXX object CMakeFiles/smartphone.dir/src/smartphone.cpp.o[0m
[ 28%] Built target hardwarestatus_pub
[ 42%] Built target robot_radio_station
[35m[1mConsolidate compiler generated dependencies of target hardwarestatus_sub[0m
[35m[1mConsolidate compiler generated dependencies of target client_battery[0m
[ 57%] Built target hardwarestatus_sub
[ 64%] [32mBuilding CXX object CMakeFiles/client_battery.dir/src/battery_node.cpp.o[0m
[35m[1mConsolidate compiler generated dependencies of target LED_panel[0m
[ 71%] [32mBuilding CXX object CMakeFiles/LED_panel.dir/src/LED_panel.cpp.o[0m
In file included from [01m[K/usr/include/c++/11/memory:63[m[K,
                 from [01m[K/opt/ros/humble/include/rclcpp/rclcpp/rclcpp.hpp:153[m[K,
                 from [01m[K/home/parallels/ros2_ws/src/my_cpp_pkg/src/LED_panel.cpp:1[m[K:
/usr/include/c++/11/bits/stl_algobase.h: In instantiation of â€˜[01m[K_OI std::__copy_move_a2(_II, _II, _OI) [with bool _IsMove = false; _II = long int; _OI = int*][m[Kâ€™:
[01m[K/usr/include/c++/11/bits/stl_algobase.h:522:42:[m[K   required from â€˜[01m[K_OI std::__copy_move_a1(_II, _II, _OI) [with bool _IsMove = false; _II = long int; _OI = int*][m[Kâ€™
[01m[K/usr/include/c++/11/bits/stl_algobase.h:530:31:[m[K   required from â€˜[01m[K_OI std::__copy_move_a(_II, _II, _OI) [with bool _IsMove = false; _II = long int; _OI = int*][m[Kâ€™
[01m[K/usr/include/c++/11/bits/stl_algobase.h:620:7:[m[K   required from â€˜[01m[K_OI std::copy(_II, _II, _OI) [with _II = long int; _OI = int*][m[Kâ€™
[01m[K/home/parallels/ros2_ws/src/my_cpp_pkg/src/LED_panel.cpp:45:18:[m[K   required from here
[01m[K/usr/include/c++/11/bits/stl_algobase.h:488:64:[m[K [01;31m[Kerror: [m[Kno type named â€˜[01m[Kiterator_category[m[Kâ€™ in â€˜[01m[Kstruct std::iterator_traits<long int>[m[Kâ€™
  488 |       typedef typename iterator_traits<_II>::iterator_category [01;31m[K_Category[m[K;
      |                                                                [01;31m[K^~~~~~~~~[m[K
[01m[K/usr/include/c++/11/bits/stl_algobase.h:495:51:[m[K [01;31m[Kerror: [m[Kno type named â€˜[01m[Kiterator_category[m[Kâ€™ in â€˜[01m[Kstruct std::iterator_traits<long int>[m[Kâ€™
  494 |       return [01;31m[Kstd::__copy_move<_IsMove, __memcpyable<_OI, _II>::__value,[m[K
      |              [01;31m[K~~~~~~~~~~~~~~~~~~~~~~~~~~~~~~~~~~~~~~~~~~~~~~~~~~~~~~~~~~[m[K
  495 | [01;31m[K                              _Category>::__copy_m(__first, __last, __result)[m[K;
      |                               [01;31m[K~~~~~~~~~~~~~~~~~~~~^~~~~~~~~~~~~~~~~~~~~~~~~~~[m[K
[ 78%] [32m[1mLinking CXX executable cpp_node[0m
gmake[2]: *** [CMakeFiles/LED_panel.dir/build.make:76: CMakeFiles/LED_panel.dir/src/LED_panel.cpp.o] Error 1
gmake[1]: *** [CMakeFiles/Makefile2:305: CMakeFiles/LED_panel.dir/all] Error 2
gmake[1]: *** Waiting for unfinished jobs....
[ 85%] [32m[1mLinking CXX executable client_battery[0m
[ 85%] Built target cpp_node
[ 85%] Built target client_battery
[ 92%] [32m[1mLinking CXX executable smartphone[0m
[ 92%] Built target smartphone
gmake: *** [Makefile:146: all] Error 2
