[35m[1mConsolidate compiler generated dependencies of target cpp_node[0m
[ 50%] [32mBuilding CXX object CMakeFiles/cpp_node.dir/src/my_first_node.cpp.o[0m
[01m[K/home/parallels/ros2_ws/src/my_cpp_pkg/src/my_first_node.cpp:[m[K In constructor â€˜[01m[KMyNode::MyNode()[m[Kâ€™:
[01m[K/home/parallels/ros2_ws/src/my_cpp_pkg/src/my_first_node.cpp:7:19:[m[K [01;31m[Kerror: [m[Kâ€˜[01m[Kclass MyNode[m[Kâ€™ has no member named â€˜[01m[Kcreate_timer[m[Kâ€™; did you mean â€˜[01m[Kcreate_wall_timer[m[Kâ€™?
    7 |             this->[01;31m[Kcreate_timer[m[K(1/2,timerCallback)
      |                   [01;31m[K^~~~~~~~~~~~[m[K
      |                   [32m[Kcreate_wall_timer[m[K
gmake[2]: *** [CMakeFiles/cpp_node.dir/build.make:76: CMakeFiles/cpp_node.dir/src/my_first_node.cpp.o] Error 1
gmake[1]: *** [CMakeFiles/Makefile2:137: CMakeFiles/cpp_node.dir/all] Error 2
gmake: *** [Makefile:146: all] Error 2
