[0.006s] Invoking command in '/home/parallels/ros2_ws/build/my_cpp_pkg': CMAKE_PREFIX_PATH=${CMAKE_PREFIX_PATH}:/home/parallels/ros2_ws/install/rqt_joint_trajectory_controller:/home/parallels/ros2_ws/install/rqt_controller_manager:/home/parallels/ros2_ws/install/ros2controlcli:/home/parallels/ros2_ws/install/ros2_controllers_test_nodes:/home/parallels/ros2_ws/install/my_py_pkg:/opt/ros/humble /usr/bin/cmake --build /home/parallels/ros2_ws/build/my_cpp_pkg -- -j4 -l4
[0.041s] [35m[1mConsolidate compiler generated dependencies of target smartphone[0m
[0.049s] [ 33%] Built target robot_radio_station
[0.051s] [ 66%] Built target cpp_node
[0.051s] [ 83%] [32mBuilding CXX object CMakeFiles/smartphone.dir/src/smartphone.cpp.o[0m
[1.030s] [01m[K/home/parallels/ros2_ws/src/my_cpp_pkg/src/smartphone.cpp:[m[K In constructor â€˜[01m[Ksmartphone::smartphone()[m[Kâ€™:
[1.030s] [01m[K/home/parallels/ros2_ws/src/my_cpp_pkg/src/smartphone.cpp:9:101:[m[K [01;31m[Kerror: [m[Kinvalid use of non-static member function â€˜[01m[Kvoid smartphone::callBackRobotNews(example_interfaces::msg::String_<std::allocator<void> >::SharedPtr)[m[Kâ€™
[1.030s]     9 |         subscriber_ = this->create_subscription<example_interfaces::msg::String>("robot_news",[01;31m[Kthis->callBackRobotNews[m[K,10);
[1.030s]       |                                                                                               [01;31m[K~~~~~~^~~~~~~~~~~~~~~~~[m[K
[1.030s] [01m[K/home/parallels/ros2_ws/src/my_cpp_pkg/src/smartphone.cpp:13:10:[m[K [01;36m[Knote: [m[Kdeclared here
[1.030s]    13 |     void [01;36m[KcallBackRobotNews[m[K(const example_interfaces::msg::String::SharedPtr msg){
[1.030s]       |          [01;36m[K^~~~~~~~~~~~~~~~~[m[K
[1.212s] gmake[2]: *** [CMakeFiles/smartphone.dir/build.make:76: CMakeFiles/smartphone.dir/src/smartphone.cpp.o] Error 1
[1.212s] gmake[1]: *** [CMakeFiles/Makefile2:193: CMakeFiles/smartphone.dir/all] Error 2
[1.212s] gmake: *** [Makefile:146: all] Error 2
[1.213s] Invoked command in '/home/parallels/ros2_ws/build/my_cpp_pkg' returned '2': CMAKE_PREFIX_PATH=${CMAKE_PREFIX_PATH}:/home/parallels/ros2_ws/install/rqt_joint_trajectory_controller:/home/parallels/ros2_ws/install/rqt_controller_manager:/home/parallels/ros2_ws/install/ros2controlcli:/home/parallels/ros2_ws/install/ros2_controllers_test_nodes:/home/parallels/ros2_ws/install/my_py_pkg:/opt/ros/humble /usr/bin/cmake --build /home/parallels/ros2_ws/build/my_cpp_pkg -- -j4 -l4
