[0.008s] Invoking command in '/home/parallels/ros2_ws/build/my_cpp_pkg': CMAKE_PREFIX_PATH=${CMAKE_PREFIX_PATH}:/home/parallels/ros2_ws/install/rqt_joint_trajectory_controller:/home/parallels/ros2_ws/install/rqt_controller_manager:/home/parallels/ros2_ws/install/ros2controlcli:/home/parallels/ros2_ws/install/ros2_controllers_test_nodes:/home/parallels/ros2_ws/install/my_py_pkg:/opt/ros/humble /usr/bin/cmake --build /home/parallels/ros2_ws/build/my_cpp_pkg -- -j4 -l4
[0.044s] [35m[1mConsolidate compiler generated dependencies of target smartphone[0m
[0.052s] [ 33%] Built target cpp_node
[0.052s] [ 50%] [32mBuilding CXX object CMakeFiles/robot_radio_station.dir/src/robot_radio_station.cpp.o[0m
[0.060s] [01m[K/home/parallels/ros2_ws/src/my_cpp_pkg/src/robot_radio_station.cpp:1:10:[m[K [01;31m[Kfatal error: [m[Krclcpp/rclcpp/rclcpp.hpp: No such file or directory
[0.060s]     1 | #include [01;31m[K<rclcpp/rclcpp/rclcpp.hpp>[m[K
[0.060s]       |          [01;31m[K^~~~~~~~~~~~~~~~~~~~~~~~~~[m[K
[0.060s] compilation terminated.
[0.061s] gmake[2]: *** [CMakeFiles/robot_radio_station.dir/build.make:76: CMakeFiles/robot_radio_station.dir/src/robot_radio_station.cpp.o] Error 1
[0.061s] gmake[1]: *** [CMakeFiles/Makefile2:167: CMakeFiles/robot_radio_station.dir/all] Error 2
[0.061s] gmake[1]: *** Waiting for unfinished jobs....
[0.068s] [ 83%] Built target smartphone
[0.068s] gmake: *** [Makefile:146: all] Error 2
[0.069s] Invoked command in '/home/parallels/ros2_ws/build/my_cpp_pkg' returned '2': CMAKE_PREFIX_PATH=${CMAKE_PREFIX_PATH}:/home/parallels/ros2_ws/install/rqt_joint_trajectory_controller:/home/parallels/ros2_ws/install/rqt_controller_manager:/home/parallels/ros2_ws/install/ros2controlcli:/home/parallels/ros2_ws/install/ros2_controllers_test_nodes:/home/parallels/ros2_ws/install/my_py_pkg:/opt/ros/humble /usr/bin/cmake --build /home/parallels/ros2_ws/build/my_cpp_pkg -- -j4 -l4
